2025-02-18 23:11:43.870 -03:00 [INF] Starting up
2025-02-18 23:11:44.307 -03:00 [INF] Worker running at: "2025-02-18T23:11:44.3010318-03:00"
2025-02-18 23:11:44.312 -03:00 [INF] Application started. Press Ctrl+C to shut down.
2025-02-18 23:11:44.312 -03:00 [INF] Hosting environment: Development
2025-02-18 23:11:44.312 -03:00 [INF] Content root path: C:\Projetos\CoderSimulator\MyWorker
2025-02-18 23:11:45.322 -03:00 [INF] Worker running at: "2025-02-18T23:11:45.3223656-03:00"
2025-02-18 23:11:46.333 -03:00 [INF] Worker running at: "2025-02-18T23:11:46.3335284-03:00"
2025-02-18 23:11:47.333 -03:00 [INF] Worker running at: "2025-02-18T23:11:47.3336830-03:00"
2025-02-18 23:11:48.344 -03:00 [INF] Worker running at: "2025-02-18T23:11:48.3443158-03:00"
2025-02-18 23:11:49.352 -03:00 [INF] Worker running at: "2025-02-18T23:11:49.3522402-03:00"
2025-02-18 23:11:50.361 -03:00 [INF] Worker running at: "2025-02-18T23:11:50.3617373-03:00"
2025-02-18 23:11:51.370 -03:00 [INF] Worker running at: "2025-02-18T23:11:51.3699236-03:00"
2025-02-18 23:11:52.375 -03:00 [INF] Worker running at: "2025-02-18T23:11:52.3752058-03:00"
2025-02-18 23:11:53.381 -03:00 [INF] Worker running at: "2025-02-18T23:11:53.3809347-03:00"
2025-02-18 23:11:54.386 -03:00 [INF] Worker running at: "2025-02-18T23:11:54.3859434-03:00"
2025-02-18 23:11:55.396 -03:00 [INF] Worker running at: "2025-02-18T23:11:55.3962591-03:00"
2025-02-18 23:11:56.399 -03:00 [INF] Worker running at: "2025-02-18T23:11:56.3991640-03:00"
2025-02-18 23:11:57.403 -03:00 [INF] Worker running at: "2025-02-18T23:11:57.4037785-03:00"
2025-02-18 23:11:58.408 -03:00 [INF] Worker running at: "2025-02-18T23:11:58.4080652-03:00"
2025-02-18 23:11:59.413 -03:00 [INF] Worker running at: "2025-02-18T23:11:59.4137990-03:00"
2025-02-18 23:12:00.418 -03:00 [INF] Worker running at: "2025-02-18T23:12:00.4182764-03:00"
2025-02-18 23:12:01.423 -03:00 [INF] Worker running at: "2025-02-18T23:12:01.4229708-03:00"
2025-02-18 23:12:02.432 -03:00 [INF] Worker running at: "2025-02-18T23:12:02.4322737-03:00"
2025-02-18 23:12:03.434 -03:00 [INF] Worker running at: "2025-02-18T23:12:03.4344833-03:00"
2025-02-18 23:12:04.438 -03:00 [INF] Worker running at: "2025-02-18T23:12:04.4388724-03:00"
2025-02-18 23:12:05.447 -03:00 [INF] Worker running at: "2025-02-18T23:12:05.4478513-03:00"
2025-02-18 23:12:06.449 -03:00 [INF] Worker running at: "2025-02-18T23:12:06.4494125-03:00"
2025-02-18 23:12:07.466 -03:00 [INF] Worker running at: "2025-02-18T23:12:07.4661546-03:00"
2025-02-18 23:12:08.475 -03:00 [INF] Worker running at: "2025-02-18T23:12:08.4753155-03:00"
2025-02-18 23:12:09.489 -03:00 [INF] Worker running at: "2025-02-18T23:12:09.4895372-03:00"
2025-02-18 23:12:10.493 -03:00 [INF] Worker running at: "2025-02-18T23:12:10.4931223-03:00"
2025-02-18 23:12:11.498 -03:00 [INF] Worker running at: "2025-02-18T23:12:11.4982706-03:00"
2025-02-18 23:12:12.510 -03:00 [INF] Worker running at: "2025-02-18T23:12:12.5109500-03:00"
2025-02-18 23:12:13.520 -03:00 [INF] Worker running at: "2025-02-18T23:12:13.5200755-03:00"
2025-02-18 23:12:14.527 -03:00 [INF] Worker running at: "2025-02-18T23:12:14.5277892-03:00"
2025-02-18 23:12:15.532 -03:00 [INF] Worker running at: "2025-02-18T23:12:15.5322257-03:00"
2025-02-18 23:12:16.534 -03:00 [INF] Worker running at: "2025-02-18T23:12:16.5344151-03:00"
2025-02-18 23:12:17.542 -03:00 [INF] Worker running at: "2025-02-18T23:12:17.5426797-03:00"
2025-02-18 23:12:18.549 -03:00 [INF] Worker running at: "2025-02-18T23:12:18.5498275-03:00"
2025-02-18 23:12:19.561 -03:00 [INF] Worker running at: "2025-02-18T23:12:19.5613520-03:00"
2025-02-18 23:12:20.566 -03:00 [INF] Worker running at: "2025-02-18T23:12:20.5664266-03:00"
2025-02-18 23:12:21.573 -03:00 [INF] Worker running at: "2025-02-18T23:12:21.5735789-03:00"
2025-02-18 23:12:22.580 -03:00 [INF] Worker running at: "2025-02-18T23:12:22.5800279-03:00"
2025-02-18 23:12:23.593 -03:00 [INF] Worker running at: "2025-02-18T23:12:23.5932216-03:00"
2025-02-18 23:12:24.595 -03:00 [INF] Worker running at: "2025-02-18T23:12:24.5948326-03:00"
2025-02-18 23:12:25.602 -03:00 [INF] Worker running at: "2025-02-18T23:12:25.6020480-03:00"
2025-02-18 23:12:26.419 -03:00 [INF] Application is shutting down...
